\BOOKMARK [0][-]{section*.1}{\376\377\000\315\000n\000d\000i\000c\000e\000\040\000g\000e\000n\000e\000r\000a\000l}{}% 1
\BOOKMARK [0][-]{section*.2}{\376\377\000\315\000n\000d\000i\000c\000e\000\040\000d\000e\000\040\000f\000i\000g\000u\000r\000a\000s}{}% 2
\BOOKMARK [-1][-]{section*.4}{\376\377\000M\000e\000m\000o\000r\000i\000a}{}% 3
\BOOKMARK [0][-]{chapter*.5}{\376\377\0001\000.\000\040\000I\000n\000t\000r\000o\000d\000u\000c\000c\000i\000\363\000n}{section*.4}% 4
\BOOKMARK [0][-]{chapter*.6}{\376\377\0002\000.\000\040\000O\000b\000j\000e\000t\000i\000v\000o\000s\000\040\000d\000e\000l\000\040\000p\000r\000o\000y\000e\000c\000t\000o}{section*.4}% 5
\BOOKMARK [0][-]{chapter*.7}{\376\377\0003\000.\000\040\000C\000o\000n\000c\000e\000p\000t\000o\000s\000\040\000t\000e\000\363\000r\000i\000c\000o\000s}{section*.4}% 6
\BOOKMARK [1][-]{section.3.1}{\376\377\000R\000e\000c\000t\000i\000f\000i\000c\000a\000d\000o\000\040\000d\000e\000\040\000i\000m\000\341\000g\000e\000n\000e\000s}{chapter*.7}% 7
\BOOKMARK [1][-]{section.3.2}{\376\377\000F\000o\000u\000n\000d\000a\000t\000i\000o\000n\000S\000t\000e\000r\000e\000o}{chapter*.7}% 8
\BOOKMARK [1][-]{section.3.3}{\376\377\000D\000E\000F\000O\000M\000-\000S\000t\000e\000r\000e\000o}{chapter*.7}% 9
\BOOKMARK [1][-]{section.3.4}{\376\377\000V\000G\000G\000T}{chapter*.7}% 10
\BOOKMARK [1][-]{section.3.5}{\376\377\000D\000e\000t\000e\000c\000t\000o\000r\000e\000s\000\040\000E\000s\000q\000u\000i\000n\000a\000s}{chapter*.7}% 11
\BOOKMARK [1][-]{section.3.6}{\376\377\000D\000e\000t\000e\000c\000t\000o\000r\000e\000s\000\040\000d\000e\000\040\000l\000\355\000n\000e\000a\000s}{chapter*.7}% 12
\BOOKMARK [1][-]{section.3.7}{\376\377\000D\000e\000t\000e\000c\000c\000i\000\363\000n\000\040\000d\000e\000\040\000l\000a\000\040\000p\000r\000o\000f\000u\000n\000d\000i\000d\000a\000d}{chapter*.7}% 13
\BOOKMARK [0][-]{chapter*.53}{\376\377\0004\000.\000\040\000T\000\351\000c\000n\000i\000c\000a\000s\000\040\000y\000\040\000h\000e\000r\000r\000a\000m\000i\000e\000n\000t\000a\000s}{section*.4}% 14
\BOOKMARK [1][-]{section.4.1}{\376\377\000M\000a\000t\000L\000a\000b}{chapter*.53}% 15
\BOOKMARK [1][-]{section.4.2}{\376\377\000P\000y\000t\000h\000o\000n\000\040\000y\000\040\000C\000o\000n\000d\000a}{chapter*.53}% 16
\BOOKMARK [1][-]{section.4.3}{\376\377\000P\000y\000Q\000t\0005\000\040\000y\000\040\000V\000T\000K}{chapter*.53}% 17
\BOOKMARK [0][-]{chapter*.54}{\376\377\0007\000.\000\040\000C\000o\000n\000c\000l\000u\000s\000i\000o\000n\000e\000s\000\040\000y\000\040\000L\000\355\000n\000e\000a\000s\000\040\000d\000e\000\040\000t\000r\000a\000b\000a\000j\000o\000\040\000f\000u\000t\000u\000r\000a\000s}{section*.4}% 18
\BOOKMARK [1][-]{section.7.1}{\376\377\000C\000o\000n\000c\000l\000u\000s\000i\000o\000n\000e\000s}{chapter*.54}% 19
\BOOKMARK [1][-]{section.7.2}{\376\377\000L\000\355\000n\000e\000a\000s\000\040\000d\000e\000\040\000t\000r\000a\000b\000a\000j\000o\000\040\000f\000u\000t\000u\000r\000a\000s}{chapter*.54}% 20
\BOOKMARK [-1][-]{section*.57}{\376\377\000A\000p\000\351\000n\000d\000i\000c\000e\000s}{}% 21
\BOOKMARK [0][-]{appendix.Alph1}{\376\377\000D\000o\000c\000u\000m\000e\000n\000t\000a\000c\000i\000\363\000n\000\040\000t\000\351\000c\000n\000i\000c\000a\000\040\000d\000e\000\040\000p\000r\000o\000g\000r\000a\000m\000a\000c\000i\000\363\000n}{section*.57}% 22
\BOOKMARK [1][-]{section.Alph1.1}{\376\377\000I\000n\000t\000r\000o\000d\000u\000c\000c\000i\000\363\000n}{appendix.Alph1}% 23
\BOOKMARK [1][-]{section.Alph1.2}{\376\377\000E\000s\000t\000r\000u\000c\000t\000u\000r\000a\000\040\000d\000e\000\040\000d\000i\000r\000e\000c\000t\000o\000r\000i\000o\000s}{appendix.Alph1}% 24
\BOOKMARK [1][-]{section.Alph1.3}{\376\377\000M\000a\000n\000u\000a\000l\000\040\000d\000e\000l\000\040\000p\000r\000o\000g\000r\000a\000m\000a\000d\000o\000r}{appendix.Alph1}% 25
\BOOKMARK [1][-]{section.Alph1.4}{\376\377\000C\000o\000m\000p\000i\000l\000a\000c\000i\000\363\000n\000,\000\040\000i\000n\000s\000t\000a\000l\000a\000c\000i\000\363\000n\000\040\000y\000\040\000e\000j\000e\000c\000u\000c\000i\000\363\000n\000\040\000d\000e\000l\000\040\000p\000r\000o\000y\000e\000c\000t\000o}{appendix.Alph1}% 26
\BOOKMARK [0][-]{appendix.Alph2}{\376\377\000D\000o\000c\000u\000m\000e\000n\000t\000a\000c\000i\000\363\000n\000\040\000d\000e\000\040\000u\000s\000u\000a\000r\000i\000o}{section*.57}% 27
\BOOKMARK [1][-]{section.Alph2.1}{\376\377\000I\000n\000t\000r\000o\000d\000u\000c\000c\000i\000\363\000n}{appendix.Alph2}% 28
\BOOKMARK [1][-]{section.Alph2.2}{\376\377\000R\000e\000q\000u\000i\000s\000i\000t\000o\000s\000\040\000d\000e\000\040\000u\000s\000u\000a\000r\000i\000o\000s}{appendix.Alph2}% 29
\BOOKMARK [1][-]{section.Alph2.3}{\376\377\000I\000n\000s\000t\000a\000l\000a\000c\000i\000\363\000n}{appendix.Alph2}% 30
\BOOKMARK [1][-]{section.Alph2.4}{\376\377\000M\000a\000n\000u\000a\000l\000\040\000d\000e\000l\000\040\000u\000s\000u\000a\000r\000i\000o}{appendix.Alph2}% 31
\BOOKMARK [0][-]{appendix*.61}{\376\377\000B\000i\000b\000l\000i\000o\000g\000r\000a\000f\000\355\000a}{section*.57}% 32
